<?xml version="1.0" encoding="UTF-8"?>
<beans xmlns="http://www.springframework.org/schema/beans"
	xmlns:xsi="http://www.w3.org/2001/XMLSchema-instance"
	xmlns:tx="http://www.springframework.org/schema/tx"
	xmlns:jdbc="http://www.springframework.org/schema/jdbc"
	xmlns:sec="http://www.springframework.org/schema/security"
	xsi:schemaLocation="http://www.springframework.org/schema/beans http://www.springframework.org/schema/beans/spring-beans-3.1.xsd
						http://www.springframework.org/schema/tx http://www.springframework.org/schema/tx/spring-tx-3.1.xsd
						http://www.springframework.org/schema/jdbc http://www.springframework.org/schema/jdbc/spring-jdbc-3.1.xsd
						http://www.springframework.org/schema/security http://www.springframework.org/schema/security/spring-security-3.1.xsd">

	<bean class="com.manuv.persistence.service.UserServiceImpl"/>
	
	<bean class="com.manuv.persistence.dao.UserDao"/>
	
	<import resource="classpath:context/security-context.xml"/>
	
	<import resource="classpath:context/db-context.xml"/>	
	
	<!-- this bean managers the retrieving of the i18n strings -->
	<bean id="messageSource" class="org.springframework.context.support.ReloadableResourceBundleMessageSource">
		<property name="basenames">  
	        <list>
	            <value>WEB-INF/messages/messages</value> 	            
	        </list>  
		</property>
		<property name="defaultEncoding" value="UTF-8"/>		
    </bean>

</beans>